2023-12-12T17:27:10.156Z  error: getaddrinfo ENOTFOUND mongo
2023-12-12T17:33:10.904Z  info: Server is running on port 8082
2023-12-12T17:33:40.796Z  error: getaddrinfo ENOTFOUND mongo
2023-12-12T17:34:33.662Z  error: getaddrinfo ENOTFOUND mongo
2023-12-12T17:35:40.602Z  info: Server is running on port 8082
2023-12-12T17:36:10.389Z  error: getaddrinfo ENOTFOUND mongo
2023-12-12T17:41:53.824Z  info: Server is running on port 8082
2023-12-12T17:42:23.625Z  error: getaddrinfo ENOTFOUND mongo
2023-12-12T17:43:34.689Z  info: Server is running on port 8082
2023-12-12T17:44:04.490Z  error: getaddrinfo ENOTFOUND mongo
2023-12-12T17:53:10.375Z  info: Server is running on port 8082
2023-12-12T17:53:40.204Z  error: getaddrinfo ENOTFOUND mongo
2023-12-12T17:54:02.927Z  info: Server is running on port 8082
2023-12-12T17:54:32.713Z  error: getaddrinfo ENOTFOUND mongo
2023-12-12T17:55:21.953Z  info: Server is running on port 8082
2023-12-12T17:55:51.731Z  error: getaddrinfo ENOTFOUND mongo
2023-12-12T17:58:27.331Z  info: Server is running on port 8082
2023-12-12T17:58:37.377Z  error: Operation `users.findOne()` buffering timed out after 10000ms
2023-12-12T17:58:57.223Z  error: getaddrinfo ENOTFOUND mongo
2023-12-12T17:59:26.290Z  info: Server is running on port 8082
2023-12-12T17:59:36.343Z  error: Operation `users.findOne()` buffering timed out after 10000ms
2023-12-12T17:59:56.163Z  error: getaddrinfo ENOTFOUND mongo
2023-12-12T18:02:15.462Z  info: Server is running on port 8082
2023-12-12T18:02:25.540Z  error: Operation `users.findOne()` buffering timed out after 10000ms
2023-12-12T18:02:45.024Z  error: getaddrinfo ENOTFOUND mongo
2023-12-12T18:04:28.527Z  error: The `uri` parameter to `openUri()` must be a string, got "undefined". Make sure the first parameter to `mongoose.connect()` or `mongoose.createConnection()` is a string.
2023-12-12T18:04:28.565Z  info: Server is running on port 8082
2023-12-12T18:04:38.621Z  error: Operation `users.findOne()` buffering timed out after 10000ms
2023-12-12T18:05:54.802Z  error: The `uri` parameter to `openUri()` must be a string, got "undefined". Make sure the first parameter to `mongoose.connect()` or `mongoose.createConnection()` is a string.
2023-12-12T18:05:54.844Z  info: Server is running on port 8082
2023-12-12T18:06:04.901Z  error: Operation `users.findOne()` buffering timed out after 10000ms
2023-12-12T18:10:46.019Z  error: The `uri` parameter to `openUri()` must be a string, got "undefined". Make sure the first parameter to `mongoose.connect()` or `mongoose.createConnection()` is a string.
2023-12-12T18:10:46.037Z  info: Server is running on port 8082
2023-12-12T18:10:56.077Z  error: Operation `users.findOne()` buffering timed out after 10000ms
2023-12-12T18:20:11.151Z  error: The `uri` parameter to `openUri()` must be a string, got "undefined". Make sure the first parameter to `mongoose.connect()` or `mongoose.createConnection()` is a string.
2023-12-12T18:20:11.208Z  info: Server is running on port 8082
2023-12-12T18:20:21.277Z  error: Operation `users.findOne()` buffering timed out after 10000ms
2023-12-12T18:45:39.241Z  error: The `uri` parameter to `openUri()` must be a string, got "undefined". Make sure the first parameter to `mongoose.connect()` or `mongoose.createConnection()` is a string.
2023-12-12T18:45:39.253Z  info: Server is running on port 8082
2023-12-12T18:45:49.282Z  error: Operation `users.findOne()` buffering timed out after 10000ms
2023-12-12T18:47:07.640Z  info: Server is running on port 8082
2023-12-12T18:47:08.159Z  info: Connected to Database
2023-12-12T18:47:08.348Z  warn: User Not Found
2023-12-12T18:51:25.288Z  info: Server is running on port 8082
2023-12-12T18:51:25.671Z  info: Connected to Database
2023-12-12T18:51:25.873Z  info: User Found - Login Successful
2023-12-12T18:53:56.272Z  info: Server is running on port 8082
2023-12-12T18:53:56.753Z  info: Connected to Database
2023-12-12T18:53:56.942Z  info: User Found - Login Successful
2023-12-12T18:53:56.996Z  warn: User Not Found
2023-12-12T18:53:57.035Z  warn: User Not Found
2023-12-12T18:55:19.823Z  info: Server is running on port 8082
2023-12-12T18:55:20.284Z  info: Connected to Database
2023-12-12T18:55:20.471Z  info: User Found - Login Successful
2023-12-12T18:55:20.519Z  warn: User Not Found
2023-12-12T18:55:20.559Z  warn: User Not Found
2023-12-12T18:56:00.752Z  info: Server is running on port 8082
2023-12-12T18:56:01.150Z  info: Connected to Database
2023-12-12T18:56:01.359Z  info: User Found - Login Successful
2023-12-12T18:56:01.411Z  warn: User Not Found
2023-12-12T18:56:01.450Z  warn: User Not Found
2023-12-12T18:56:36.832Z  info: Server is running on port 8082
2023-12-12T18:56:37.404Z  info: Connected to Database
2023-12-12T18:56:37.585Z  info: User Found - Login Successful
2023-12-12T18:56:37.677Z  warn: User Not Found
2023-12-12T18:56:37.709Z  warn: User Not Found
2023-12-12T19:06:16.884Z  info: Server is running on port 8082
2023-12-12T19:06:17.467Z  info: Connected to Database
2023-12-12T19:06:17.688Z  info: User Found - Login Successful
2023-12-12T19:06:17.741Z  warn: User Not Found
2023-12-12T19:06:17.786Z  warn: User Not Found
2023-12-12T19:10:21.134Z  info: Server is running on port 8082
2023-12-12T19:10:21.582Z  info: Connected to Database
2023-12-12T19:10:21.773Z  info: User Found - Login Successful
2023-12-12T19:10:21.823Z  warn: User Not Found
2023-12-12T19:10:21.856Z  warn: User Not Found
2023-12-12T19:10:21.891Z  error: Client must be connected before running operations
2023-12-12T19:10:21.919Z  error: Client must be connected before running operations
2023-12-12T19:14:15.293Z  info: Server is running on port 8082
2023-12-12T19:14:15.750Z  info: Connected to Database
2023-12-12T19:14:15.935Z  info: User Found - Login Successful
2023-12-12T19:14:15.988Z  warn: User Not Found
2023-12-12T19:14:16.021Z  warn: User Not Found
2023-12-12T19:14:16.056Z  error: Client must be connected before running operations
2023-12-12T19:14:16.081Z  error: Client must be connected before running operations
2023-12-12T19:18:21.672Z  info: Server is running on port 8082
2023-12-12T19:18:22.242Z  info: Connected to Database
2023-12-12T19:18:22.422Z  info: User Found - Login Successful
2023-12-12T19:18:22.467Z  warn: User Not Found
2023-12-12T19:18:22.497Z  warn: User Not Found
2023-12-12T19:18:22.529Z  error: Client must be connected before running operations
2023-12-12T19:18:22.550Z  error: Client must be connected before running operations
2023-12-13T07:01:24.653Z  info: Server is running on port 8082
2023-12-13T07:01:25.646Z  info: Connected to Database
2023-12-13T07:01:25.840Z  info: User Found - Login Successful
2023-12-13T07:01:25.910Z  warn: User Not Found
2023-12-13T07:01:25.946Z  warn: User Not Found
2023-12-13T07:01:25.993Z  error: Client must be connected before running operations
2023-12-13T07:01:26.021Z  error: Client must be connected before running operations
2023-12-13T07:08:34.947Z  info: Server is running on port 8082
2023-12-13T07:08:34.986Z  error: users validation failed: password: password is required, email: email is required and should be unique, name: name is required
2023-12-13T07:08:35.541Z  info: Connected to Database
2023-12-13T07:12:27.794Z  info: Server is running on port 8082
2023-12-13T07:12:28.320Z  info: Connected to Database
2023-12-13T07:12:28.600Z  error: users validation failed: password: password is required, email: email is required and should be unique, name: name is required
2023-12-13T07:13:25.824Z  info: Server is running on port 8082
2023-12-13T07:13:26.264Z  info: Connected to Database
2023-12-13T07:15:28.716Z  info: Server is running on port 8082
2023-12-13T07:15:29.203Z  info: Connected to Database
2023-12-13T07:15:29.439Z  error: users validation failed: password: password is required, email: email is required and should be unique, name: name is required
2023-12-13T07:17:57.982Z  info: Server is running on port 8082
2023-12-13T07:17:58.582Z  info: Connected to Database
2023-12-13T07:23:14.081Z  info: Server is running on port 8082
2023-12-13T07:23:14.118Z  error: users validation failed: password: password is required, email: email is required and should be unique, name: name is required
2023-12-13T07:23:14.681Z  info: Connected to Database
2023-12-13T07:28:40.499Z  info: Server is running on port 8082
2023-12-13T07:28:40.985Z  info: Connected to Database
2023-12-13T07:28:41.178Z  error: E11000 duplicate key error collection: expenseApp.users index: email_1 dup key: { email: "klaus@gmail.com" }
2023-12-13T07:37:30.385Z  info: Server is running on port 8082
2023-12-13T07:37:31.062Z  info: Connected to Database
2023-12-13T07:41:17.087Z  info: Server is running on port 8082
2023-12-13T07:41:17.603Z  info: Connected to Database
2023-12-13T07:41:48.841Z  info: Server is running on port 8082
2023-12-13T07:41:49.227Z  info: Connected to Database
2023-12-13T07:41:49.417Z  error: E11000 duplicate key error collection: expenseApp.users index: email_1 dup key: { email: "klaus@gmail.com" }
2023-12-13T07:42:08.064Z  info: Server is running on port 8082
2023-12-13T07:42:08.445Z  info: Connected to Database
2023-12-13T07:42:08.642Z  error: E11000 duplicate key error collection: expenseApp.users index: email_1 dup key: { email: "klaus@gmail.com" }
2023-12-13T07:43:40.338Z  info: Server is running on port 8082
2023-12-13T07:43:40.807Z  info: Connected to Database
2023-12-13T07:43:41.016Z  error: E11000 duplicate key error collection: expenseApp.users index: email_1 dup key: { email: "klaus@gmail.com" }
2023-12-13T07:45:43.600Z  info: Server is running on port 8082
2023-12-13T07:45:44.090Z  info: Connected to Database
2023-12-13T07:45:44.283Z  info: Successfully Registered
2023-12-13T07:49:12.763Z  info: Server is running on port 8082
2023-12-13T07:49:13.227Z  info: Connected to Database
2023-12-13T07:49:13.405Z  info: Successfully Registered
2023-12-13T07:49:13.462Z  error: E11000 duplicate key error collection: expenseApp.users index: email_1 dup key: { email: "Balanapal@iiitb.ac.in" }
